0 verbose cli G:\port deivid\node.exe G:\port deivid\node_modules\npm\bin\npm-cli.js
1 info using npm@9.6.7
2 info using node@v18.17.0
3 timing npm:load:whichnode Completed in 4ms
4 timing config:load:defaults Completed in 3ms
5 timing config:load:file:G:\port deivid\node_modules\npm\npmrc Completed in 19ms
6 timing config:load:builtin Completed in 20ms
7 timing config:load:cli Completed in 3ms
8 timing config:load:env Completed in 0ms
9 timing config:load:project Completed in 0ms
10 timing config:load:file:C:\Users\EBEUS\.npmrc Completed in 8ms
11 timing config:load:user Completed in 8ms
12 timing config:load:file:C:\Users\EBEUS\AppData\Roaming\npm\etc\npmrc Completed in 6ms
13 timing config:load:global Completed in 7ms
14 timing config:load:setEnvs Completed in 1ms
15 timing config:load Completed in 43ms
16 timing npm:load:configload Completed in 43ms
17 timing npm:load:mkdirpcache Completed in 1ms
18 timing npm:load:mkdirplogs Completed in 0ms
19 verbose title npm prefix
20 verbose argv "prefix" "--global"
21 timing npm:load:setTitle Completed in 1ms
22 timing config:load:flatten Completed in 5ms
23 timing npm:load:display Completed in 7ms
24 verbose logfile logs-max:10 dir:C:\Users\EBEUS\Desktop\web-quantico\quantico\UsersEBEUSAppDataLocalnpm-cache\_logs\2023-10-06T01_20_44_336Z-
25 verbose logfile C:\Users\EBEUS\Desktop\web-quantico\quantico\UsersEBEUSAppDataLocalnpm-cache\_logs\2023-10-06T01_20_44_336Z-debug-0.log
26 timing npm:load:logFile Completed in 50ms
27 timing npm:load:timers Completed in 1ms
28 timing npm:load:configScope Completed in 0ms
29 timing npm:load Completed in 107ms
30 timing command:prefix Completed in 2ms
31 verbose exit 0
32 timing npm Completed in 163ms
33 info ok
